<?xml version="1.0" encoding="UTF-8"?>
<coverage generated="1573327672013" clover="3.2.0">
  <project timestamp="1573327672013" name="All files">
    <metrics statements="24" coveredstatements="19" conditionals="5" coveredconditionals="2" methods="10" coveredmethods="7" elements="39" coveredelements="28" complexity="0" loc="24" ncloc="24" packages="1" files="1" classes="1"/>
    <file name="utils.js" path="/home/vagrant/dev/demo-geolocation/src/utils.js">
      <metrics statements="24" coveredstatements="19" conditionals="5" coveredconditionals="2" methods="10" coveredmethods="7"/>
      <line num="4" count="1" type="stmt"/>
      <line num="6" count="1" type="stmt"/>
      <line num="7" count="1" type="stmt"/>
      <line num="8" count="1" type="stmt"/>
      <line num="9" count="1" type="stmt"/>
      <line num="10" count="1" type="stmt"/>
      <line num="12" count="1" type="stmt"/>
      <line num="13" count="0" type="stmt"/>
      <line num="14" count="0" type="stmt"/>
      <line num="16" count="1" type="stmt"/>
      <line num="22" count="1" type="stmt"/>
      <line num="23" count="1" type="stmt"/>
      <line num="25" count="1" type="cond" truecount="0" falsecount="1"/>
      <line num="26" count="1" type="stmt"/>
      <line num="27" count="1" type="stmt"/>
      <line num="33" count="1" type="stmt"/>
      <line num="34" count="1" type="stmt"/>
      <line num="35" count="1" type="cond" truecount="2" falsecount="0"/>
      <line num="36" count="1" type="stmt"/>
      <line num="39" count="0" type="stmt"/>
      <line num="40" count="0" type="cond" truecount="0" falsecount="2"/>
      <line num="41" count="0" type="stmt"/>
      <line num="45" count="1" type="stmt"/>
      <line num="46" count="1" type="stmt"/>
    </file>
  </project>
</coverage>
