{"/home/vagrant/dev/demo-geolocation/src/utils.js": {"path":"/home/vagrant/dev/demo-geolocation/src/utils.js","statementMap":{"0":{"start":{"line":4,"column":12},"end":{"line":4,"column":30}},"1":{"start":{"line":6,"column":27},"end":{"line":24,"column":1}},"2":{"start":{"line":7,"column":31},"end":{"line":21,"column":6}},"3":{"start":{"line":8,"column":24},"end":{"line":11,"column":9}},"4":{"start":{"line":9,"column":42},"end":{"line":9,"column":48}},"5":{"start":{"line":10,"column":12},"end":{"line":10,"column":43}},"6":{"start":{"line":12,"column":22},"end":{"line":15,"column":9}},"7":{"start":{"line":13,"column":12},"end":{"line":13,"column":33}},"8":{"start":{"line":14,"column":12},"end":{"line":14,"column":28}},"9":{"start":{"line":16,"column":8},"end":{"line":20,"column":11}},"10":{"start":{"line":22,"column":21},"end":{"line":22,"column":56}},"11":{"start":{"line":23,"column":4},"end":{"line":23,"column":20}},"12":{"start":{"line":25,"column":29},"end":{"line":47,"column":1}},"13":{"start":{"line":26,"column":29},"end":{"line":44,"column":6}},"14":{"start":{"line":27,"column":19},"end":{"line":31,"column":10}},"15":{"start":{"line":33,"column":42},"end":{"line":33,"column":48}},"16":{"start":{"line":34,"column":25},"end":{"line":34,"column":59}},"17":{"start":{"line":35,"column":12},"end":{"line":35,"column":61}},"18":{"start":{"line":36,"column":12},"end":{"line":36,"column":40}},"19":{"start":{"line":36,"column":23},"end":{"line":36,"column":36}},"20":{"start":{"line":39,"column":12},"end":{"line":39,"column":38}},"21":{"start":{"line":40,"column":12},"end":{"line":42,"column":13}},"22":{"start":{"line":41,"column":16},"end":{"line":41,"column":25}},"23":{"start":{"line":45,"column":17},"end":{"line":45,"column":50}},"24":{"start":{"line":46,"column":4},"end":{"line":46,"column":16}}},"fnMap":{"0":{"name":"(anonymous_0)","decl":{"start":{"line":6,"column":27},"end":{"line":6,"column":28}},"loc":{"start":{"line":6,"column":39},"end":{"line":24,"column":1}},"line":6},"1":{"name":"(anonymous_1)","decl":{"start":{"line":7,"column":43},"end":{"line":7,"column":44}},"loc":{"start":{"line":7,"column":64},"end":{"line":21,"column":5}},"line":7},"2":{"name":"(anonymous_2)","decl":{"start":{"line":8,"column":24},"end":{"line":8,"column":25}},"loc":{"start":{"line":8,"column":38},"end":{"line":11,"column":9}},"line":8},"3":{"name":"(anonymous_3)","decl":{"start":{"line":12,"column":22},"end":{"line":12,"column":23}},"loc":{"start":{"line":12,"column":37},"end":{"line":15,"column":9}},"line":12},"4":{"name":"(anonymous_4)","decl":{"start":{"line":25,"column":29},"end":{"line":25,"column":30}},"loc":{"start":{"line":25,"column":60},"end":{"line":47,"column":1}},"line":25},"5":{"name":"(anonymous_5)","decl":{"start":{"line":25,"column":47},"end":{"line":25,"column":48}},"loc":{"start":{"line":25,"column":53},"end":{"line":25,"column":55}},"line":25},"6":{"name":"(anonymous_6)","decl":{"start":{"line":26,"column":41},"end":{"line":26,"column":42}},"loc":{"start":{"line":26,"column":62},"end":{"line":44,"column":5}},"line":26},"7":{"name":"success","decl":{"start":{"line":32,"column":17},"end":{"line":32,"column":24}},"loc":{"start":{"line":32,"column":35},"end":{"line":37,"column":9}},"line":32},"8":{"name":"(anonymous_8)","decl":{"start":{"line":36,"column":17},"end":{"line":36,"column":18}},"loc":{"start":{"line":36,"column":23},"end":{"line":36,"column":36}},"line":36},"9":{"name":"error","decl":{"start":{"line":38,"column":17},"end":{"line":38,"column":22}},"loc":{"start":{"line":38,"column":29},"end":{"line":43,"column":9}},"line":38}},"branchMap":{"0":{"loc":{"start":{"line":25,"column":36},"end":{"line":25,"column":55}},"type":"default-arg","locations":[{"start":{"line":25,"column":47},"end":{"line":25,"column":55}}],"line":25},"1":{"loc":{"start":{"line":35,"column":12},"end":{"line":35,"column":60}},"type":"binary-expr","locations":[{"start":{"line":35,"column":12},"end":{"line":35,"column":42}},{"start":{"line":35,"column":46},"end":{"line":35,"column":60}}],"line":35},"2":{"loc":{"start":{"line":40,"column":12},"end":{"line":42,"column":13}},"type":"if","locations":[{"start":{"line":40,"column":12},"end":{"line":42,"column":13}},{"start":{"line":40,"column":12},"end":{"line":42,"column":13}}],"line":40}},"s":{"0":1,"1":1,"2":1,"3":1,"4":1,"5":1,"6":1,"7":0,"8":0,"9":1,"10":1,"11":1,"12":1,"13":1,"14":1,"15":1,"16":1,"17":1,"18":1,"19":1,"20":0,"21":0,"22":0,"23":1,"24":1},"f":{"0":1,"1":1,"2":1,"3":0,"4":1,"5":0,"6":1,"7":1,"8":1,"9":0},"b":{"0":[0],"1":[1,1],"2":[0,0]},"_coverageSchema":"43e27e138ebf9cfc5966b082cf9a028302ed4184","hash":"3b6d1c72964aeaf8390ccbc97e01a34a533c51a9"}
}
