TN:
SF:/home/vagrant/dev/demo-geolocation/src/utils.js
FN:6,(anonymous_0)
FN:7,(anonymous_1)
FN:8,(anonymous_2)
FN:12,(anonymous_3)
FN:25,(anonymous_4)
FN:25,(anonymous_5)
FN:26,(anonymous_6)
FN:32,success
FN:36,(anonymous_8)
FN:38,error
FNF:10
FNH:7
FNDA:1,(anonymous_0)
FNDA:1,(anonymous_1)
FNDA:1,(anonymous_2)
FNDA:0,(anonymous_3)
FNDA:1,(anonymous_4)
FNDA:0,(anonymous_5)
FNDA:1,(anonymous_6)
FNDA:1,success
FNDA:1,(anonymous_8)
FNDA:0,error
DA:4,1
DA:6,1
DA:7,1
DA:8,1
DA:9,1
DA:10,1
DA:12,1
DA:13,0
DA:14,0
DA:16,1
DA:22,1
DA:23,1
DA:25,1
DA:26,1
DA:27,1
DA:33,1
DA:34,1
DA:35,1
DA:36,1
DA:39,0
DA:40,0
DA:41,0
DA:45,1
DA:46,1
LF:24
LH:19
BRDA:25,0,0,0
BRDA:35,1,0,1
BRDA:35,1,1,1
BRDA:40,2,0,0
BRDA:40,2,1,0
BRF:5
BRH:2
end_of_record
